<?xml version="1.0" encoding="UTF-8"?>
<testng-results total="2" passed="2" failed="0" skipped="0">
  <reporter-output>
  </reporter-output>
  <suite started-at="2022-11-28T22:22:40Z" name="Default suite" finished-at="2022-11-28T22:22:46Z" duration-ms="5211">
    <groups>
    </groups>
    <test started-at="2022-11-28T22:22:40Z" name="Default test" finished-at="2022-11-28T22:22:46Z" duration-ms="5211">
      <class name="restassured.trello">
        <test-method signature="createBoard()[pri:0, instance:restassured.trello@172b013]" started-at="2022-11-29T03:52:40Z" name="createBoard" finished-at="2022-11-29T03:52:45Z" duration-ms="4548" status="PASS">
          <reporter-output>
          </reporter-output>
        </test-method> <!-- createBoard -->
        <test-method signature="getaboard()[pri:0, instance:restassured.trello@172b013]" started-at="2022-11-29T03:52:45Z" name="getaboard" finished-at="2022-11-29T03:52:46Z" duration-ms="638" status="PASS">
          <reporter-output>
          </reporter-output>
        </test-method> <!-- getaboard -->
      </class> <!-- restassured.trello -->
    </test> <!-- Default test -->
  </suite> <!-- Default suite -->
</testng-results>
